tensor([[ 1.5486, -0.2584,  0.5776,  ...,  0.3836, -2.0170,  0.9992],
        [ 1.8558,  2.2052,  0.9924,  ...,  0.2857,  1.1320, -0.1692],
        [-0.6040, -2.3627,  0.5642,  ...,  0.2376, -1.3409,  0.8044],
        ...,
        [ 0.0221,  0.5365, -0.9792,  ..., -0.0893, -0.4833, -0.7131],
        [-0.1204,  0.4327, -1.6644,  ...,  0.9127,  0.6364, -0.0779],
        [-2.0173,  0.9916,  1.3317,  ..., -0.3359,  0.9451, -0.5540]],
       device='cuda:0')
torch.Size([8, 135, 512])
tensor([[[-0.0489,  0.0670,  0.0723,  ..., -0.0692,  0.0244,  0.0432],
         [-0.0592, -0.0556,  0.0439,  ...,  0.0264,  0.0215,  0.0470],
         [-0.0493,  0.0082, -0.0125,  ..., -0.0352,  0.0859, -0.1045],
         ...,
         [-0.0148,  0.0007,  0.0133,  ...,  0.0044,  0.0637, -0.0461],
         [ 0.0626,  0.1114, -0.1559,  ..., -0.0275, -0.0030, -0.0740],
         [ 0.0856, -0.0083, -0.0424,  ..., -0.0971, -0.0317,  0.1222]],

        [[-0.0078, -0.0163,  0.0231,  ...,  0.0217, -0.0525, -0.0346],
         [ 0.0640, -0.0015,  0.0233,  ..., -0.0117,  0.0211,  0.0413],
         [ 0.1132,  0.0853,  0.0092,  ..., -0.1370,  0.0266,  0.0008],
         ...,
         [-0.1035, -0.1306, -0.0546,  ..., -0.0201,  0.0844,  0.0728],
         [-0.1142,  0.0140, -0.0038,  ...,  0.0247, -0.0420, -0.0034],
         [ 0.0841,  0.0573,  0.0786,  ...,  0.0074, -0.0345,  0.0477]],

        [[ 0.0979,  0.0303,  0.0375,  ..., -0.1001, -0.0035, -0.0386],
         [ 0.0008,  0.0128,  0.0534,  ..., -0.0104, -0.0633, -0.0136],
         [ 0.0416,  0.0379, -0.0503,  ...,  0.0138,  0.1895,  0.0219],
         ...,
         [-0.0569, -0.0451,  0.0153,  ...,  0.0198,  0.0810, -0.0159],
         [ 0.0181,  0.0416,  0.0134,  ...,  0.0362, -0.0260, -0.0785],
         [ 0.1126, -0.0146,  0.1089,  ...,  0.0604,  0.0728,  0.0440]],

        ...,

        [[ 0.0023,  0.0676, -0.0858,  ...,  0.1329, -0.0446,  0.0777],
         [-0.0111, -0.1109, -0.0056,  ...,  0.0063,  0.0467, -0.0073],
         [ 0.0391, -0.0187, -0.0013,  ..., -0.0428,  0.0279,  0.1021],
         ...,
         [-0.0718,  0.0170, -0.0433,  ...,  0.0442, -0.0672,  0.0983],
         [ 0.0813,  0.0601, -0.0015,  ...,  0.0614,  0.0685,  0.0005],
         [ 0.0945, -0.0756,  0.0982,  ..., -0.0297, -0.0869, -0.0232]],

        [[ 0.0693,  0.0176,  0.0049,  ...,  0.0378,  0.0602,  0.0116],
         [-0.0329, -0.0076, -0.0357,  ..., -0.0900,  0.0221, -0.0407],
         [-0.0872, -0.0016,  0.0517,  ...,  0.0856, -0.0825, -0.0732],
         ...,
         [-0.0881, -0.1034, -0.1120,  ...,  0.0777,  0.0634,  0.1043],
         [ 0.0604, -0.0437,  0.0074,  ...,  0.0120, -0.0244,  0.0182],
         [-0.0903, -0.0677,  0.1078,  ..., -0.0169,  0.0848,  0.0221]],

        [[-0.0131,  0.0740,  0.0363,  ..., -0.0334,  0.0046, -0.0917],
         [ 0.0277,  0.0574, -0.0925,  ...,  0.0255,  0.0226,  0.1221],
         [ 0.0110, -0.1203, -0.0879,  ...,  0.0123,  0.0766, -0.0366],
         ...,
         [ 0.0215, -0.0258, -0.0177,  ..., -0.0126, -0.0466,  0.0083],
         [ 0.0435, -0.0023,  0.0926,  ..., -0.0894, -0.0238,  0.0524],
         [ 0.0607, -0.0305,  0.0740,  ...,  0.0256,  0.0755, -0.0590]]],
       device='cuda:0', grad_fn=<ViewBackward0>)
